[2021-11-08 22:20:34,475-val_sk2sh.py-INFO:Save metric for: /vol/research/sketching/projects/VR_Sketch_lightning/project/logs/experiments/deformer_cage_sh2sh_template/inference/CD_d.npy]
[2021-11-08 22:20:34,479-val_sk2sh.py-INFO:Save metric for: /vol/research/sketching/projects/VR_Sketch_lightning/project/logs/experiments/deformer_cage_sh2sh_template/inference/F_d.npy]
[2021-11-08 22:20:38,026-val_sk2sh.py-INFO:Save metric for: /vol/research/sketching/projects/VR_Sketch_lightning/project/logs/experiments/deformer_cage_sh2sh_template/inference/KP_d.npy]
[2021-11-08 22:20:38,031-val_sk2sh.py-INFO:*******CD_d:]
[2021-11-08 22:20:38,035-val_sk2sh.py-INFO: * Acc@1: 35.15]
[2021-11-08 22:20:38,035-val_sk2sh.py-INFO: * Acc@5: 58.42]
[2021-11-08 22:20:38,035-val_sk2sh.py-INFO: * Acc@10: 70.79]
[2021-11-08 22:20:48,705-val_sk2sh.py-INFO: * Mean chamfer@1: 3.16]
[2021-11-08 22:20:48,706-val_sk2sh.py-INFO: * Mean chamfer@5: 4.66]
[2021-11-08 22:20:48,706-val_sk2sh.py-INFO: * Mean f_score@1: 78.89]
[2021-11-08 22:20:48,706-val_sk2sh.py-INFO: * Mean f_score@5: 70.18]
[2021-11-08 22:20:48,707-val_sk2sh.py-INFO: * Mean chamfer_deform@1: 1.02]
[2021-11-08 22:20:48,707-val_sk2sh.py-INFO: * Mean chamfer_deform@5: 1.48]
[2021-11-08 22:20:48,707-val_sk2sh.py-INFO: * Mean f_score_deform@1: 94.04]
[2021-11-08 22:20:48,707-val_sk2sh.py-INFO: * Mean f_score_deform@5: 90.89]
[2021-11-08 22:20:48,712-val_sk2sh.py-INFO:*******F_d:]
[2021-11-08 22:20:48,715-val_sk2sh.py-INFO: * Acc@1: 32.18]
[2021-11-08 22:20:48,715-val_sk2sh.py-INFO: * Acc@5: 56.44]
[2021-11-08 22:20:48,715-val_sk2sh.py-INFO: * Acc@10: 67.33]
[2021-11-08 22:20:58,934-val_sk2sh.py-INFO: * Mean chamfer@1: 3.50]
[2021-11-08 22:20:58,934-val_sk2sh.py-INFO: * Mean chamfer@5: 5.07]
[2021-11-08 22:20:58,935-val_sk2sh.py-INFO: * Mean f_score@1: 77.32]
[2021-11-08 22:20:58,935-val_sk2sh.py-INFO: * Mean f_score@5: 68.84]
[2021-11-08 22:20:58,935-val_sk2sh.py-INFO: * Mean chamfer_deform@1: 1.13]
[2021-11-08 22:20:58,935-val_sk2sh.py-INFO: * Mean chamfer_deform@5: 1.62]
[2021-11-08 22:20:58,936-val_sk2sh.py-INFO: * Mean f_score_deform@1: 93.23]
[2021-11-08 22:20:58,936-val_sk2sh.py-INFO: * Mean f_score_deform@5: 90.30]
[2021-11-08 22:21:04,212-val_sk2sh.py-INFO:*******KP_d:]
[2021-11-08 22:21:21,221-val_sk2sh.py-INFO: * Acc@1: 16.34]
[2021-11-08 22:21:21,221-val_sk2sh.py-INFO: * Acc@5: 33.17]
[2021-11-08 22:21:21,222-val_sk2sh.py-INFO: * Acc@10: 43.07]
[2021-11-08 22:21:31,701-val_sk2sh.py-INFO: * Mean chamfer@1: 4.50]
[2021-11-08 22:21:31,701-val_sk2sh.py-INFO: * Mean chamfer@5: 5.19]
[2021-11-08 22:21:31,702-val_sk2sh.py-INFO: * Mean f_score@1: 70.64]
[2021-11-08 22:21:31,702-val_sk2sh.py-INFO: * Mean f_score@5: 66.74]
[2021-11-08 22:21:31,703-val_sk2sh.py-INFO: * Mean chamfer_deform@1: 1.77]
[2021-11-08 22:21:31,703-val_sk2sh.py-INFO: * Mean chamfer_deform@5: 1.93]
[2021-11-08 22:21:31,704-val_sk2sh.py-INFO: * Mean f_score_deform@1: 89.03]
[2021-11-08 22:21:31,704-val_sk2sh.py-INFO: * Mean f_score_deform@5: 87.89]
[2021-11-13 14:56:11,350-val_sk2sh.py-INFO:**************CD**************]
[2021-11-13 14:56:11,443-test.py-INFO: * Acc@1: 100.00]
[2021-11-13 14:56:11,443-test.py-INFO: * Acc@5: 100.00]
[2021-11-13 14:56:11,443-test.py-INFO: * Acc@10: 100.00]
[2021-11-13 14:57:25,176-val_sk2sh.py-INFO:**************CD**************]
[2021-11-13 14:57:25,229-test.py-INFO: * Acc@1: 100.00]
[2021-11-13 14:57:25,229-test.py-INFO: * Acc@5: 100.00]
[2021-11-13 14:57:25,229-test.py-INFO: * Acc@10: 100.00]
[2021-11-13 14:57:34,070-test.py-INFO: * Mean chamfer@1: 0.00]
[2021-11-13 14:57:34,071-test.py-INFO: * Mean chamfer@5: 1.06]
[2021-11-13 14:57:34,071-test.py-INFO: * Mean chamfer@10: 1.33]
[2021-11-13 14:57:34,071-test.py-INFO: * Mean f_score_0.01@1: 100.00]
[2021-11-13 14:57:34,071-test.py-INFO: * Mean f_score_0.01@5: 87.15]
[2021-11-13 14:57:34,072-test.py-INFO: * Mean f_score_0.01@10: 83.35]
[2021-11-13 14:57:34,072-test.py-INFO: * Mean f_score_0.02@1: 100.00]
[2021-11-13 14:57:34,072-test.py-INFO: * Mean f_score_0.02@5: 94.12]
[2021-11-13 14:57:34,072-test.py-INFO: * Mean f_score_0.02@10: 92.21]
[2021-11-13 14:57:34,073-test.py-INFO: * Mean chamfer_deform@1: 0.00]
[2021-11-13 14:57:34,073-test.py-INFO: * Mean chamfer_deform@5: 0.80]
[2021-11-13 14:57:34,073-test.py-INFO: * Mean chamfer_deform@10: 0.98]
[2021-11-13 14:57:34,073-test.py-INFO: * Mean f_score_0.01_deform@1: 100.00]
[2021-11-13 14:57:34,073-test.py-INFO: * Mean f_score_0.01_deform@5: 91.07]
[2021-11-13 14:57:34,073-test.py-INFO: * Mean f_score_0.01_deform@10: 88.77]
[2021-11-13 14:57:34,074-test.py-INFO: * Mean f_score_0.02_deform@1: 100.00]
[2021-11-13 14:57:34,074-test.py-INFO: * Mean f_score_0.02_deform@5: 96.25]
[2021-11-13 14:57:34,074-test.py-INFO: * Mean f_score_0.02_deform@10: 95.24]
[2021-11-13 14:57:34,189-val_sk2sh.py-INFO:**************CD_d**************]
[2021-11-13 14:57:34,278-test.py-INFO: * Acc@1: 100.00]
[2021-11-13 14:57:34,278-test.py-INFO: * Acc@5: 100.00]
[2021-11-13 14:57:34,278-test.py-INFO: * Acc@10: 100.00]
[2021-11-13 14:57:41,428-test.py-INFO: * Mean chamfer@1: 0.00]
[2021-11-13 14:57:41,428-test.py-INFO: * Mean chamfer@5: 2.22]
[2021-11-13 14:57:41,429-test.py-INFO: * Mean chamfer@10: 2.77]
[2021-11-13 14:57:41,429-test.py-INFO: * Mean f_score_0.01@1: 100.00]
[2021-11-13 14:57:41,429-test.py-INFO: * Mean f_score_0.01@5: 75.43]
[2021-11-13 14:57:41,429-test.py-INFO: * Mean f_score_0.01@10: 70.13]
[2021-11-13 14:57:41,430-test.py-INFO: * Mean f_score_0.02@1: 100.00]
[2021-11-13 14:57:41,430-test.py-INFO: * Mean f_score_0.02@5: 85.49]
[2021-11-13 14:57:41,430-test.py-INFO: * Mean f_score_0.02@10: 81.92]
[2021-11-13 14:57:41,430-test.py-INFO: * Mean chamfer_deform@1: 0.00]
[2021-11-13 14:57:41,431-test.py-INFO: * Mean chamfer_deform@5: 0.60]
[2021-11-13 14:57:41,431-test.py-INFO: * Mean chamfer_deform@10: 0.74]
[2021-11-13 14:57:41,431-test.py-INFO: * Mean f_score_0.01_deform@1: 100.00]
[2021-11-13 14:57:41,431-test.py-INFO: * Mean f_score_0.01_deform@5: 93.95]
[2021-11-13 14:57:41,431-test.py-INFO: * Mean f_score_0.01_deform@10: 92.23]
[2021-11-13 14:57:41,432-test.py-INFO: * Mean f_score_0.02_deform@1: 100.00]
[2021-11-13 14:57:41,432-test.py-INFO: * Mean f_score_0.02_deform@5: 97.96]
[2021-11-13 14:57:41,432-test.py-INFO: * Mean f_score_0.02_deform@10: 97.28]
[2021-11-13 14:57:41,515-val_sk2sh.py-INFO:**************bi_CD_d**************]
[2021-11-13 14:57:41,601-test.py-INFO: * Acc@1: 100.00]
[2021-11-13 14:57:41,601-test.py-INFO: * Acc@5: 100.00]
[2021-11-13 14:57:41,601-test.py-INFO: * Acc@10: 100.00]
[2021-11-13 14:57:48,770-test.py-INFO: * Mean chamfer@1: 0.00]
[2021-11-13 14:57:48,770-test.py-INFO: * Mean chamfer@5: 1.92]
[2021-11-13 14:57:48,771-test.py-INFO: * Mean chamfer@10: 2.39]
[2021-11-13 14:57:48,771-test.py-INFO: * Mean f_score_0.01@1: 100.00]
[2021-11-13 14:57:48,771-test.py-INFO: * Mean f_score_0.01@5: 76.81]
[2021-11-13 14:57:48,771-test.py-INFO: * Mean f_score_0.01@10: 71.58]
[2021-11-13 14:57:48,772-test.py-INFO: * Mean f_score_0.02@1: 100.00]
[2021-11-13 14:57:48,772-test.py-INFO: * Mean f_score_0.02@5: 86.83]
[2021-11-13 14:57:48,772-test.py-INFO: * Mean f_score_0.02@10: 83.47]
[2021-11-13 14:57:48,773-test.py-INFO: * Mean chamfer_deform@1: 0.00]
[2021-11-13 14:57:48,773-test.py-INFO: * Mean chamfer_deform@5: 0.63]
[2021-11-13 14:57:48,773-test.py-INFO: * Mean chamfer_deform@10: 0.78]
[2021-11-13 14:57:48,774-test.py-INFO: * Mean f_score_0.01_deform@1: 100.00]
[2021-11-13 14:57:48,774-test.py-INFO: * Mean f_score_0.01_deform@5: 93.40]
[2021-11-13 14:57:48,774-test.py-INFO: * Mean f_score_0.01_deform@10: 91.63]
[2021-11-13 14:57:48,774-test.py-INFO: * Mean f_score_0.02_deform@1: 100.00]
[2021-11-13 14:57:48,775-test.py-INFO: * Mean f_score_0.02_deform@5: 97.66]
[2021-11-13 14:57:48,775-test.py-INFO: * Mean f_score_0.02_deform@10: 96.90]
[2021-11-13 14:57:48,824-val_sk2sh.py-INFO:**************F_0.01_d**************]
[2021-11-13 14:57:48,882-test.py-INFO: * Acc@1: 90.59]
[2021-11-13 14:57:48,882-test.py-INFO: * Acc@5: 97.03]
[2021-11-13 14:57:48,882-test.py-INFO: * Acc@10: 97.52]
[2021-11-13 14:57:56,025-test.py-INFO: * Mean chamfer@1: 0.06]
[2021-11-13 14:57:56,025-test.py-INFO: * Mean chamfer@5: 2.29]
[2021-11-13 14:57:56,026-test.py-INFO: * Mean chamfer@10: 2.78]
[2021-11-13 14:57:56,026-test.py-INFO: * Mean f_score_0.01@1: 99.32]
[2021-11-13 14:57:56,027-test.py-INFO: * Mean f_score_0.01@5: 75.26]
[2021-11-13 14:57:56,027-test.py-INFO: * Mean f_score_0.01@10: 70.26]
[2021-11-13 14:57:56,027-test.py-INFO: * Mean f_score_0.02@1: 99.76]
[2021-11-13 14:57:56,027-test.py-INFO: * Mean f_score_0.02@5: 85.49]
[2021-11-13 14:57:56,027-test.py-INFO: * Mean f_score_0.02@10: 82.27]
[2021-11-13 14:57:56,028-test.py-INFO: * Mean chamfer_deform@1: 0.03]
[2021-11-13 14:57:56,028-test.py-INFO: * Mean chamfer_deform@5: 0.66]
[2021-11-13 14:57:56,028-test.py-INFO: * Mean chamfer_deform@10: 0.81]
[2021-11-13 14:57:56,029-test.py-INFO: * Mean f_score_0.01_deform@1: 100.00]
[2021-11-13 14:57:56,029-test.py-INFO: * Mean f_score_0.01_deform@5: 94.62]
[2021-11-13 14:57:56,029-test.py-INFO: * Mean f_score_0.01_deform@10: 92.95]
[2021-11-13 14:57:56,029-test.py-INFO: * Mean f_score_0.02_deform@1: 100.00]
[2021-11-13 14:57:56,030-test.py-INFO: * Mean f_score_0.02_deform@5: 97.85]
[2021-11-13 14:57:56,030-test.py-INFO: * Mean f_score_0.02_deform@10: 97.11]
